<?xml version="1.0" encoding="UTF-8"?>
<!-- Generated by org.testng.reporters.JUnitReportReporter -->
<testsuite hostname="Abhigyas-MacBook-Pro.local" failures="0" tests="1" name="demo.saucelabs.VerifyLoginTest" time="8.193" errors="0" timestamp="22 Mar 2025 02:50:10 GMT" skipped="0">
  <testcase classname="demo.saucelabs.VerifyLoginTest" name="verifyDoLogin" time="8.193"/>
</testsuite> <!-- demo.saucelabs.VerifyLoginTest -->
