<?xml version="1.0" encoding="UTF-8"?>
<!-- Generated by org.testng.reporters.JUnitReportReporter -->
<testsuite hostname="Abhigyas-MacBook-Pro.local" failures="0" tests="1" name="testcases.VerifyLoginTests" time="5.233" errors="0" timestamp="02 Mar 2025 03:13:49 GMT" skipped="0">
  <testcase classname="testcases.VerifyLoginTests" name="validateLoginWithValidCredentials" time="5.233"/>
</testsuite> <!-- testcases.VerifyLoginTests -->
