<?xml version="1.0" encoding="UTF-8"?>
<!-- Generated by org.testng.reporters.JUnitReportReporter -->
<testsuite hostname="Abhigyas-MacBook-Pro.local" failures="0" tests="2" name="demo.saucelabs.SauceLabsLoginTest" time="17.046" errors="0" timestamp="06 Apr 2025 13:35:52 GMT" skipped="0">
  <testcase classname="demo.saucelabs.SauceLabsLoginTest" name="verifyLoginWithValidCredentials" time="7.929"/>
  <testcase classname="demo.saucelabs.SauceLabsLoginTest" name="verifyLoginWithInValidCredentials" time="9.117"/>
</testsuite> <!-- demo.saucelabs.SauceLabsLoginTest -->
